<?xml version="1.0" encoding="UTF-8"?>
<!-- Generated by org.testng.reporters.JUnitXMLReporter -->
<testsuite hostname="LAPTOP-6NAV24VU" ignored="0" name="Default test" tests="4" failures="0" timestamp="06 Apr 2020 15:27:34 GMT" time="74.462" errors="0">
  <testcase name="hp" time="3.012" classname="Applebees.ApsHomePageTest"/>
  <testcase name="lp" time="12.787" classname="Applebees.ApsHomePageTest"/>
  <testcase name="mp" time="8.749" classname="Applebees.ApsHomePageTest"/>
  <testcase name="modpage" time="32.951" classname="Applebees.ApsHomePageTest"/>
</testsuite> <!-- Default test -->
