<?xml version="1.0" encoding="UTF-8"?>
<!-- Generated by org.testng.reporters.JUnitXMLReporter -->
<testsuite hostname="LAPTOP-6NAV24VU" ignored="10" name="Test" tests="1" failures="0" timestamp="07 Aug 2021 08:59:10 GMT" time="127.131" errors="0">
  <testcase name="gcpage" time="49.663" classname="Applebees.GiftcardsTest"/>
  <testcase name="@AfterSuite endResult" time="0.0" classname="resources.extentreport">
    <ignored/>
  </testcase> <!-- @AfterSuite endResult -->
  <testcase name="@AfterSuite endResult" time="0.0" classname="resources.extentreport">
    <ignored/>
  </testcase> <!-- @AfterSuite endResult -->
  <testcase name="hp" time="0.0" classname="Applebees.ApsHomePageTest">
    <ignored/>
  </testcase> <!-- hp -->
  <testcase name="@AfterTest cb" time="0.0" classname="resources.Base">
    <ignored/>
  </testcase> <!-- @AfterTest cb -->
  <testcase name="@AfterTest cb" time="0.0" classname="resources.Base">
    <ignored/>
  </testcase> <!-- @AfterTest cb -->
  <testcase name="@BeforeSuite beginResult" time="0.0" classname="resources.extentreport">
    <ignored/>
  </testcase> <!-- @BeforeSuite beginResult -->
  <testcase name="@BeforeSuite beginResult" time="0.0" classname="resources.extentreport">
    <ignored/>
  </testcase> <!-- @BeforeSuite beginResult -->
  <testcase name="@BeforeTest startbrowser" time="0.0" classname="resources.Base">
    <ignored/>
  </testcase> <!-- @BeforeTest startbrowser -->
  <testcase name="@BeforeTest startbrowser" time="0.0" classname="resources.Base">
    <ignored/>
  </testcase> <!-- @BeforeTest startbrowser -->
  <testcase name="menudisplayed" time="0.0" classname="Applebees.ApsMenuDisplayed">
    <ignored/>
  </testcase> <!-- menudisplayed -->
</testsuite> <!-- Test -->
