<?xml version="1.0" encoding="UTF-8"?>
<!-- Generated by org.testng.reporters.JUnitXMLReporter -->
<testsuite hostname="LAPTOP-6NAV24VU" ignored="12" name="Test" tests="4" failures="0" timestamp="18 Jul 2021 09:35:19 GMT" time="196.079" errors="0">
  <testcase name="hp" time="92.294" classname="Applebees.ApsHomePageTest"/>
  <testcase name="menudisplayed" time="0.022" classname="Applebees.ApsMenuDisplayed"/>
  <testcase name="gcpage" time="9.421" classname="Applebees.GiftcardsTest"/>
  <testcase name="cb1" time="9.798" classname="Applebees.NutritionandallergenTest"/>
  <testcase name="@AfterSuite endResult" time="0.0" classname="resources.extentreport">
    <ignored/>
  </testcase> <!-- @AfterSuite endResult -->
  <testcase name="@AfterSuite endResult" time="0.0" classname="resources.extentreport">
    <ignored/>
  </testcase> <!-- @AfterSuite endResult -->
  <testcase name="@AfterSuite endResult" time="0.0" classname="resources.extentreport">
    <ignored/>
  </testcase> <!-- @AfterSuite endResult -->
  <testcase name="@AfterTest cb" time="0.0" classname="resources.Base">
    <ignored/>
  </testcase> <!-- @AfterTest cb -->
  <testcase name="@AfterTest cb" time="0.0" classname="resources.Base">
    <ignored/>
  </testcase> <!-- @AfterTest cb -->
  <testcase name="@AfterTest cb" time="0.0" classname="resources.Base">
    <ignored/>
  </testcase> <!-- @AfterTest cb -->
  <testcase name="@BeforeSuite beginResult" time="0.0" classname="resources.extentreport">
    <ignored/>
  </testcase> <!-- @BeforeSuite beginResult -->
  <testcase name="@BeforeSuite beginResult" time="0.0" classname="resources.extentreport">
    <ignored/>
  </testcase> <!-- @BeforeSuite beginResult -->
  <testcase name="@BeforeSuite beginResult" time="0.0" classname="resources.extentreport">
    <ignored/>
  </testcase> <!-- @BeforeSuite beginResult -->
  <testcase name="@BeforeTest startbrowser" time="0.0" classname="resources.Base">
    <ignored/>
  </testcase> <!-- @BeforeTest startbrowser -->
  <testcase name="@BeforeTest startbrowser" time="0.0" classname="resources.Base">
    <ignored/>
  </testcase> <!-- @BeforeTest startbrowser -->
  <testcase name="@BeforeTest startbrowser" time="0.0" classname="resources.Base">
    <ignored/>
  </testcase> <!-- @BeforeTest startbrowser -->
</testsuite> <!-- Test -->
