<?xml version="1.0" encoding="UTF-8"?>
<testng-results skipped="0" failed="0" ignored="0" total="1" passed="1">
  <reporter-output>
  </reporter-output>
  <suite name="Default suite" duration-ms="56446" started-at="2020-04-08T04:45:40Z" finished-at="2020-04-08T04:46:37Z">
    <groups>
    </groups>
    <test name="Default test" duration-ms="56446" started-at="2020-04-08T04:45:40Z" finished-at="2020-04-08T04:46:37Z">
      <class name="Applebees.ApsHomePageTest">
        <test-method status="PASS" signature="startbrowser()[pri:0, instance:Applebees.ApsHomePageTest@3c22fc4c]" name="startbrowser" is-config="true" duration-ms="15216" started-at="2020-04-08T04:45:40Z" finished-at="2020-04-08T04:45:55Z">
          <reporter-output>
          </reporter-output>
        </test-method> <!-- startbrowser -->
        <test-method status="PASS" signature="hp()[pri:0, instance:Applebees.ApsHomePageTest@3c22fc4c]" name="hp" duration-ms="40101" started-at="2020-04-08T04:45:55Z" finished-at="2020-04-08T04:46:36Z">
          <reporter-output>
          </reporter-output>
        </test-method> <!-- hp -->
        <test-method status="PASS" signature="cb()[pri:0, instance:Applebees.ApsHomePageTest@3c22fc4c]" name="cb" is-config="true" duration-ms="1105" started-at="2020-04-08T04:46:36Z" finished-at="2020-04-08T04:46:37Z">
          <reporter-output>
          </reporter-output>
        </test-method> <!-- cb -->
      </class> <!-- Applebees.ApsHomePageTest -->
    </test> <!-- Default test -->
  </suite> <!-- Default suite -->
</testng-results>
